c:\users\tnrkd\documents\github\theimpossiblegame\201321047_주수강_5\debug\201321047_주수강_5.pch
c:\users\tnrkd\documents\github\theimpossiblegame\201321047_주수강_5\debug\vc141.pdb
c:\users\tnrkd\documents\github\theimpossiblegame\201321047_주수강_5\debug\vc141.idb
c:\users\tnrkd\documents\github\theimpossiblegame\201321047_주수강_5\debug\stdafx.obj
c:\users\tnrkd\documents\github\theimpossiblegame\201321047_주수강_5\debug\201321047_주수강_5.obj
c:\users\tnrkd\documents\github\theimpossiblegame\201321047_주수강_5\debug\dxutsound.obj
c:\users\tnrkd\documents\github\theimpossiblegame\201321047_주수강_5\debug\egl.obj
c:\users\tnrkd\documents\github\theimpossiblegame\debug\201321047_주수강_5.ilk
c:\users\tnrkd\documents\github\theimpossiblegame\debug\201321047_주수강_5.exe
c:\users\tnrkd\documents\github\theimpossiblegame\debug\201321047_주수강_5.pdb
c:\users\tnrkd\documents\github\theimpossiblegame\201321047_주수강_5\debug\201321047_주수강_5.res
c:\users\tnrkd\documents\github\theimpossiblegame\201321047_주수강_5\debug\201321047_주수강_5.tlog\cl.command.1.tlog
c:\users\tnrkd\documents\github\theimpossiblegame\201321047_주수강_5\debug\201321047_주수강_5.tlog\cl.read.1.tlog
c:\users\tnrkd\documents\github\theimpossiblegame\201321047_주수강_5\debug\201321047_주수강_5.tlog\cl.write.1.tlog
c:\users\tnrkd\documents\github\theimpossiblegame\201321047_주수강_5\debug\201321047_주수강_5.tlog\link.command.1.tlog
c:\users\tnrkd\documents\github\theimpossiblegame\201321047_주수강_5\debug\201321047_주수강_5.tlog\link.read.1.tlog
c:\users\tnrkd\documents\github\theimpossiblegame\201321047_주수강_5\debug\201321047_주수강_5.tlog\link.write.1.tlog
c:\users\tnrkd\documents\github\theimpossiblegame\201321047_주수강_5\debug\201321047_주수강_5.tlog\rc.command.1.tlog
c:\users\tnrkd\documents\github\theimpossiblegame\201321047_주수강_5\debug\201321047_주수강_5.tlog\rc.read.1.tlog
c:\users\tnrkd\documents\github\theimpossiblegame\201321047_주수강_5\debug\201321047_주수강_5.tlog\rc.write.1.tlog
