  stdafx.cpp
  egl.cpp
  DXUTsound.cpp
  201321047_주수강_5.cpp
c:\users\tnrkd\documents\github\theimpossiblegame\201321047_주수강_5\201321047_주수강_5.cpp(521): warning C4554: '&': 연산자 우선 순위에 오류가 있는지 확인하십시오. 괄호를 사용하여 우선 순위를 명확하게 지정하십시오.
c:\users\tnrkd\documents\github\theimpossiblegame\201321047_주수강_5\201321047_주수강_5.cpp(527): warning C4554: '&': 연산자 우선 순위에 오류가 있는지 확인하십시오. 괄호를 사용하여 우선 순위를 명확하게 지정하십시오.
c:\users\tnrkd\documents\github\theimpossiblegame\201321047_주수강_5\201321047_주수강_5.cpp(533): warning C4554: '&': 연산자 우선 순위에 오류가 있는지 확인하십시오. 괄호를 사용하여 우선 순위를 명확하게 지정하십시오.
c:\users\tnrkd\documents\github\theimpossiblegame\201321047_주수강_5\201321047_주수강_5.cpp(539): warning C4554: '&': 연산자 우선 순위에 오류가 있는지 확인하십시오. 괄호를 사용하여 우선 순위를 명확하게 지정하십시오.
c:\users\tnrkd\documents\github\theimpossiblegame\201321047_주수강_5\201321047_주수강_5.cpp(588): warning C4554: '&': 연산자 우선 순위에 오류가 있는지 확인하십시오. 괄호를 사용하여 우선 순위를 명확하게 지정하십시오.
c:\users\tnrkd\documents\github\theimpossiblegame\201321047_주수강_5\201321047_주수강_5.cpp(595): warning C4554: '&': 연산자 우선 순위에 오류가 있는지 확인하십시오. 괄호를 사용하여 우선 순위를 명확하게 지정하십시오.
c:\users\tnrkd\documents\github\theimpossiblegame\201321047_주수강_5\201321047_주수강_5.cpp(651): warning C4554: '&': 연산자 우선 순위에 오류가 있는지 확인하십시오. 괄호를 사용하여 우선 순위를 명확하게 지정하십시오.
c:\users\tnrkd\documents\github\theimpossiblegame\201321047_주수강_5\201321047_주수강_5.cpp(667): warning C4554: '&': 연산자 우선 순위에 오류가 있는지 확인하십시오. 괄호를 사용하여 우선 순위를 명확하게 지정하십시오.
c:\users\tnrkd\documents\github\theimpossiblegame\201321047_주수강_5\201321047_주수강_5.cpp(682): warning C4805: '==': 연산에 'int' 형식과 'bool' 형식을 함께 사용하는 것은 안전하지 않습니다.
c:\users\tnrkd\documents\github\theimpossiblegame\201321047_주수강_5\201321047_주수강_5.cpp(687): warning C4554: '&': 연산자 우선 순위에 오류가 있는지 확인하십시오. 괄호를 사용하여 우선 순위를 명확하게 지정하십시오.
c:\users\tnrkd\documents\github\theimpossiblegame\201321047_주수강_5\201321047_주수강_5.cpp(714): warning C4554: '&': 연산자 우선 순위에 오류가 있는지 확인하십시오. 괄호를 사용하여 우선 순위를 명확하게 지정하십시오.
c:\users\tnrkd\documents\github\theimpossiblegame\201321047_주수강_5\201321047_주수강_5.cpp(725): warning C4554: '&': 연산자 우선 순위에 오류가 있는지 확인하십시오. 괄호를 사용하여 우선 순위를 명확하게 지정하십시오.
c:\users\tnrkd\documents\github\theimpossiblegame\201321047_주수강_5\201321047_주수강_5.cpp(744): warning C4805: '==': 연산에 'int' 형식과 'bool' 형식을 함께 사용하는 것은 안전하지 않습니다.
c:\users\tnrkd\documents\github\theimpossiblegame\201321047_주수강_5\201321047_주수강_5.cpp(808): warning C4554: '&': 연산자 우선 순위에 오류가 있는지 확인하십시오. 괄호를 사용하여 우선 순위를 명확하게 지정하십시오.
c:\users\tnrkd\documents\github\theimpossiblegame\201321047_주수강_5\201321047_주수강_5.cpp(813): warning C4554: '&': 연산자 우선 순위에 오류가 있는지 확인하십시오. 괄호를 사용하여 우선 순위를 명확하게 지정하십시오.
c:\users\tnrkd\documents\github\theimpossiblegame\201321047_주수강_5\201321047_주수강_5.cpp(819): warning C4554: '&': 연산자 우선 순위에 오류가 있는지 확인하십시오. 괄호를 사용하여 우선 순위를 명확하게 지정하십시오.
c:\users\tnrkd\documents\github\theimpossiblegame\201321047_주수강_5\201321047_주수강_5.cpp(831): warning C4554: '&': 연산자 우선 순위에 오류가 있는지 확인하십시오. 괄호를 사용하여 우선 순위를 명확하게 지정하십시오.
c:\users\tnrkd\documents\github\theimpossiblegame\201321047_주수강_5\201321047_주수강_5.cpp(843): warning C4838: 'double'에서 'float'(으)로의 변환에는 축소 변환이 필요합니다.
c:\users\tnrkd\documents\github\theimpossiblegame\201321047_주수강_5\201321047_주수강_5.cpp(843): warning C4305: '초기화 중': 'double'에서 'float'(으)로 잘립니다.
c:\users\tnrkd\documents\github\theimpossiblegame\201321047_주수강_5\201321047_주수강_5.cpp(878): warning C4838: 'double'에서 'float'(으)로의 변환에는 축소 변환이 필요합니다.
c:\users\tnrkd\documents\github\theimpossiblegame\201321047_주수강_5\201321047_주수강_5.cpp(878): warning C4305: '초기화 중': 'double'에서 'float'(으)로 잘립니다.
c:\users\tnrkd\documents\github\theimpossiblegame\201321047_주수강_5\201321047_주수강_5.cpp(941): warning C4838: 'double'에서 'float'(으)로의 변환에는 축소 변환이 필요합니다.
c:\users\tnrkd\documents\github\theimpossiblegame\201321047_주수강_5\201321047_주수강_5.cpp(941): warning C4305: '초기화 중': 'double'에서 'float'(으)로 잘립니다.
c:\users\tnrkd\documents\github\theimpossiblegame\201321047_주수강_5\201321047_주수강_5.cpp(1012): warning C4838: 'double'에서 'float'(으)로의 변환에는 축소 변환이 필요합니다.
c:\users\tnrkd\documents\github\theimpossiblegame\201321047_주수강_5\201321047_주수강_5.cpp(1012): warning C4305: '초기화 중': 'double'에서 'float'(으)로 잘립니다.
c:\users\tnrkd\documents\github\theimpossiblegame\201321047_주수강_5\201321047_주수강_5.cpp(1053): warning C4838: 'double'에서 'float'(으)로의 변환에는 축소 변환이 필요합니다.
c:\users\tnrkd\documents\github\theimpossiblegame\201321047_주수강_5\201321047_주수강_5.cpp(1053): warning C4305: '초기화 중': 'double'에서 'float'(으)로 잘립니다.
c:\users\tnrkd\documents\github\theimpossiblegame\201321047_주수강_5\201321047_주수강_5.cpp(1079): warning C4838: 'double'에서 'float'(으)로의 변환에는 축소 변환이 필요합니다.
c:\users\tnrkd\documents\github\theimpossiblegame\201321047_주수강_5\201321047_주수강_5.cpp(1079): warning C4305: '초기화 중': 'double'에서 'float'(으)로 잘립니다.
c:\users\tnrkd\documents\github\theimpossiblegame\201321047_주수강_5\201321047_주수강_5.cpp(1133): warning C4244: '인수': 'int'에서 'VGfloat'(으)로 변환하면서 데이터가 손실될 수 있습니다.
c:\users\tnrkd\documents\github\theimpossiblegame\201321047_주수강_5\201321047_주수강_5.cpp(1140): warning C4244: '인수': 'int'에서 'VGfloat'(으)로 변환하면서 데이터가 손실될 수 있습니다.
c:\users\tnrkd\documents\github\theimpossiblegame\201321047_주수강_5\201321047_주수강_5.cpp(1145): warning C4805: '==': 연산에 'int' 형식과 'bool' 형식을 함께 사용하는 것은 안전하지 않습니다.
c:\users\tnrkd\documents\github\theimpossiblegame\201321047_주수강_5\201321047_주수강_5.cpp(1200): warning C4244: '인수': 'int'에서 'VGfloat'(으)로 변환하면서 데이터가 손실될 수 있습니다.
c:\users\tnrkd\documents\github\theimpossiblegame\201321047_주수강_5\201321047_주수강_5.cpp(1212): warning C4805: '==': 연산에 'int' 형식과 'bool' 형식을 함께 사용하는 것은 안전하지 않습니다.
c:\users\tnrkd\documents\github\theimpossiblegame\201321047_주수강_5\201321047_주수강_5.cpp(1231): warning C4838: 'double'에서 'float'(으)로의 변환에는 축소 변환이 필요합니다.
c:\users\tnrkd\documents\github\theimpossiblegame\201321047_주수강_5\201321047_주수강_5.cpp(1231): warning C4305: '초기화 중': 'double'에서 'float'(으)로 잘립니다.
c:\users\tnrkd\documents\github\theimpossiblegame\201321047_주수강_5\201321047_주수강_5.cpp(1255): warning C4838: 'double'에서 'float'(으)로의 변환에는 축소 변환이 필요합니다.
c:\users\tnrkd\documents\github\theimpossiblegame\201321047_주수강_5\201321047_주수강_5.cpp(1255): warning C4305: '초기화 중': 'double'에서 'float'(으)로 잘립니다.
  코드를 생성하고 있습니다...
  201321047_주수강_5.vcxproj -> C:\Users\tnrkd\Documents\GitHub\theImpossibleGame\Debug\201321047_주수강_5.exe
